<?xml version="1.0" encoding="UTF-8"?>
<!-- Generated by org.testng.reporters.JUnitXMLReporter -->
<testsuite ignored="1" hostname="DESKTOP-71BOP8S" failures="0" tests="2" name="TestNGXMLTest Test" time="14.253" errors="0" timestamp="2020-09-21T10:25:42 IST">
  <testcase classname="MVNGBDD.NewTest" name="Test1" time="2.005"/>
  <testcase classname="MVNGBDD.NewTest" name="Test1" time="2.583"/>
  <testcase classname="MVNGBDD.NewTest" name="Test2" time="0.0">
    <ignored/>
  </testcase> <!-- Test2 -->
</testsuite> <!-- TestNGXMLTest Test -->
