<?xml version="1.0" encoding="UTF-8"?>
<testng-results ignored="1" total="3" passed="2" failed="0" skipped="0">
  <reporter-output>
  </reporter-output>
  <suite started-at="2020-09-21T10:25:28 IST" name="TestNGXMLTest Test Suite" finished-at="2020-09-21T10:25:42 IST" duration-ms="14253">
    <groups>
    </groups>
    <test started-at="2020-09-21T10:25:28 IST" name="TestNGXMLTest Test" finished-at="2020-09-21T10:25:42 IST" duration-ms="14253">
      <class name="MVNGBDD.NewTest">
        <test-method is-config="true" signature="beforeSuite()[pri:0, instance:MVNGBDD.NewTest@34129c78]" started-at="2020-09-21T10:25:28 IST" name="beforeSuite" finished-at="2020-09-21T10:25:28 IST" duration-ms="13" status="PASS">
          <reporter-output>
          </reporter-output>
        </test-method> <!-- beforeSuite -->
        <test-method is-config="true" signature="beforeTest()[pri:0, instance:MVNGBDD.NewTest@34129c78]" started-at="2020-09-21T10:25:28 IST" name="beforeTest" finished-at="2020-09-21T10:25:28 IST" duration-ms="1" status="PASS">
          <reporter-output>
          </reporter-output>
        </test-method> <!-- beforeTest -->
        <test-method is-config="true" signature="beforeClass()[pri:0, instance:MVNGBDD.NewTest@34129c78]" started-at="2020-09-21T10:25:28 IST" name="beforeClass" finished-at="2020-09-21T10:25:28 IST" duration-ms="0" status="PASS">
          <reporter-output>
          </reporter-output>
        </test-method> <!-- beforeClass -->
        <test-method is-config="true" signature="beforeMethod()[pri:0, instance:MVNGBDD.NewTest@34129c78]" started-at="2020-09-21T10:25:28 IST" name="beforeMethod" finished-at="2020-09-21T10:25:32 IST" duration-ms="4507" status="PASS">
          <reporter-output>
          </reporter-output>
        </test-method> <!-- beforeMethod -->
        <test-method signature="Test1(java.lang.Integer, java.lang.String)[pri:0, instance:MVNGBDD.NewTest@34129c78]" started-at="2020-09-21T10:25:32 IST" name="Test1" data-provider="dp" finished-at="2020-09-21T10:25:34 IST" duration-ms="2005" status="PASS">
          <params>
            <param index="0">
              <value>
                <![CDATA[1]]>
              </value>
            </param>
            <param index="1">
              <value>
                <![CDATA[a]]>
              </value>
            </param>
          </params>
          <reporter-output>
          </reporter-output>
        </test-method> <!-- Test1 -->
        <test-method is-config="true" signature="afterMethod()[pri:0, instance:MVNGBDD.NewTest@34129c78]" started-at="2020-09-21T10:25:34 IST" name="afterMethod" finished-at="2020-09-21T10:25:35 IST" duration-ms="773" status="PASS">
          <reporter-output>
          </reporter-output>
        </test-method> <!-- afterMethod -->
        <test-method is-config="true" signature="beforeMethod()[pri:0, instance:MVNGBDD.NewTest@34129c78]" started-at="2020-09-21T10:25:35 IST" name="beforeMethod" finished-at="2020-09-21T10:25:39 IST" duration-ms="3531" status="PASS">
          <reporter-output>
          </reporter-output>
        </test-method> <!-- beforeMethod -->
        <test-method signature="Test1(java.lang.Integer, java.lang.String)[pri:0, instance:MVNGBDD.NewTest@34129c78]" started-at="2020-09-21T10:25:39 IST" name="Test1" data-provider="dp" finished-at="2020-09-21T10:25:41 IST" duration-ms="2583" status="PASS">
          <params>
            <param index="0">
              <value>
                <![CDATA[2]]>
              </value>
            </param>
            <param index="1">
              <value>
                <![CDATA[b]]>
              </value>
            </param>
          </params>
          <reporter-output>
          </reporter-output>
        </test-method> <!-- Test1 -->
        <test-method is-config="true" signature="afterMethod()[pri:0, instance:MVNGBDD.NewTest@34129c78]" started-at="2020-09-21T10:25:41 IST" name="afterMethod" finished-at="2020-09-21T10:25:42 IST" duration-ms="785" status="PASS">
          <reporter-output>
          </reporter-output>
        </test-method> <!-- afterMethod -->
        <test-method is-config="true" signature="afterClass()[pri:0, instance:MVNGBDD.NewTest@34129c78]" started-at="2020-09-21T10:25:42 IST" name="afterClass" finished-at="2020-09-21T10:25:42 IST" duration-ms="1" status="PASS">
          <reporter-output>
          </reporter-output>
        </test-method> <!-- afterClass -->
        <test-method is-config="true" signature="afterTest()[pri:0, instance:MVNGBDD.NewTest@34129c78]" started-at="2020-09-21T10:25:42 IST" name="afterTest" finished-at="2020-09-21T10:25:42 IST" duration-ms="1" status="PASS">
          <reporter-output>
          </reporter-output>
        </test-method> <!-- afterTest -->
        <test-method is-config="true" signature="afterSuite()[pri:0, instance:MVNGBDD.NewTest@34129c78]" started-at="2020-09-21T10:25:43 IST" name="afterSuite" finished-at="2020-09-21T10:25:43 IST" duration-ms="1" status="PASS">
          <reporter-output>
          </reporter-output>
        </test-method> <!-- afterSuite -->
      </class> <!-- MVNGBDD.NewTest -->
    </test> <!-- TestNGXMLTest Test -->
  </suite> <!-- TestNGXMLTest Test Suite -->
</testng-results>
